<?xml version="1.0" encoding="UTF-8"?>
<!-- Generated by org.testng.reporters.JUnitXMLReporter -->
<testsuite hostname="DMINBNOI18021" ignored="0" name="Test" tests="4" failures="1" timestamp="09 Oct 2018 08:46:29 GMT" time="160.73" errors="0">
  <testcase name="LoginTest" time="42.147" classname="com.TestCases.LoginTestCase">
    <skipped/>
  </testcase> <!-- LoginTest -->
  <testcase name="LoginTest" time="36.151" classname="com.TestCases.LoginTestCase">
    <skipped/>
  </testcase> <!-- LoginTest -->
  <testcase name="LoginTest" time="27.372" classname="com.TestCases.LoginTestCase">
    <skipped/>
  </testcase> <!-- LoginTest -->
  <testcase name="LoginTest" time="29.177" classname="com.TestCases.LoginTestCase">
    <failure type="java.lang.AssertionError" message="Expected condition failed: waiting for element to be clickable: By.cssSelector: section.form__group.-button.\2b textCenter &amp;gt; button (tried for 10 second(s) with 500 milliseconds interval)">
      <![CDATA[java.lang.AssertionError: Expected condition failed: waiting for element to be clickable: By.cssSelector: section.form__group.-button.\2b textCenter > button (tried for 10 second(s) with 500 milliseconds interval)
at com.TestCases.LoginTestCase.LoginTest(LoginTestCase.java:34)
... Removed 30 stack frames]]>
    </failure>
  </testcase> <!-- LoginTest -->
</testsuite> <!-- Test -->
