<?xml version="1.0" encoding="UTF-8"?>
<testsuite xmlns:xsi="http://www.w3.org/2001/XMLSchema-instance" xsi:noNamespaceSchemaLocation="https://maven.apache.org/surefire/maven-surefire-plugin/xsd/surefire-test-report.xsd" name="TestSuite" time="161.412" tests="4" errors="0" skipped="3" failures="1">
  <properties>
[...]
</properties>
  <testcase name="LoginTest" classname="com.TestCases.LoginTestCase" time="0">
    <skipped message="Expected condition failed: waiting for element to be clickable: By.cssSelector: section.form__group.-button.\2b textCenter &gt; button (tried for 10 second(s) with 500 milliseconds interval)"/>
    <system-out><![CDATA[Credentials saved to C:\Users\vsingh\.credentials\sheets.googleapis.com-java-quickstart
{"majorDimension":"ROWS","range":"Browser!A1:E1000","values":[["Browsers_Available"],["Chrome"]]}
Credentials saved to C:\Users\vsingh\.credentials\sheets.googleapis.com-java-quickstart
{"majorDimension":"ROWS","range":"URL!A1:E1000","values":[["URL"],["https://dev.castinet.org/"]]}
https://dev.castinet.org/
Credentials saved to C:\Users\vsingh\.credentials\sheets.googleapis.com-java-quickstart
{"majorDimension":"ROWS","range":"Credentials!A1:E1000","values":[["Username","Password"],["ptyagi@dminc.com","Jupiter@20"]]}
Credentials saved to C:\Users\vsingh\.credentials\sheets.googleapis.com-java-quickstart
{"majorDimension":"ROWS","range":"Credentials!A1:E1000","values":[["Username","Password"],["ptyagi@dminc.com","Jupiter@20"]]}
Credentials saved to C:\Users\vsingh\.credentials\sheets.googleapis.com-java-quickstart
{"majorDimension":"ROWS","range":"Login_Validator!A1:E1000","values":[["Welcome_Header"],["Welcome to CASTiNET 3.0"],["Login Successful"],["Login Failed"]]}
Credentials saved to C:\Users\vsingh\.credentials\sheets.googleapis.com-java-quickstart
{"majorDimension":"ROWS","range":"Global_Validater!A1:E1000","values":[["Name","Text"],["passedText","Test case passed"],["failedText","Test case failed"],["quitDriverFail","Not able to quit driver"],["quitDriverPass","Driver Quit Successful"],["screenShotTaken","Screenshot successfully taken and saved"],["screenShotFailed","ScreenShot Not taken"]]}
]]></system-out>
    <system-err><![CDATA[Oct 09, 2018 2:13:49 PM com.google.api.client.util.store.FileDataStoreFactory setPermissionsToOwnerOnly
WARNING: unable to change permissions for everybody: C:\Users\vsingh\.credentials\sheets.googleapis.com-java-quickstart
Oct 09, 2018 2:13:49 PM com.google.api.client.util.store.FileDataStoreFactory setPermissionsToOwnerOnly
WARNING: unable to change permissions for owner: C:\Users\vsingh\.credentials\sheets.googleapis.com-java-quickstart
Starting ChromeDriver 2.42.591088 (7b2b2dca23cca0862f674758c9a3933e685c27d5) on port 29836
Only local connections are allowed.
Oct 09, 2018 2:13:54 PM org.openqa.selenium.remote.ProtocolHandshake createSession
INFO: Detected dialect: OSS
]]></system-err>
  </testcase>
  <testcase name="LoginTest" classname="com.TestCases.LoginTestCase" time="0">
    <skipped message="Expected condition failed: waiting for element to be clickable: By.cssSelector: section.form__group.-button.\2b textCenter &gt; button (tried for 10 second(s) with 500 milliseconds interval)"/>
    <system-out><![CDATA[Credentials saved to C:\Users\vsingh\.credentials\sheets.googleapis.com-java-quickstart
{"majorDimension":"ROWS","range":"Global_Validater!A1:E1000","values":[["Name","Text"],["passedText","Test case passed"],["failedText","Test case failed"],["quitDriverFail","Not able to quit driver"],["quitDriverPass","Driver Quit Successful"],["screenShotTaken","Screenshot successfully taken and saved"],["screenShotFailed","ScreenShot Not taken"]]}
Credentials saved to C:\Users\vsingh\.credentials\sheets.googleapis.com-java-quickstart
{"majorDimension":"ROWS","range":"Browser!A1:E1000","values":[["Browsers_Available"],["Chrome"]]}
Credentials saved to C:\Users\vsingh\.credentials\sheets.googleapis.com-java-quickstart
{"majorDimension":"ROWS","range":"URL!A1:E1000","values":[["URL"],["https://dev.castinet.org/"]]}
https://dev.castinet.org/
Credentials saved to C:\Users\vsingh\.credentials\sheets.googleapis.com-java-quickstart
{"majorDimension":"ROWS","range":"Credentials!A1:E1000","values":[["Username","Password"],["ptyagi@dminc.com","Jupiter@20"]]}
Credentials saved to C:\Users\vsingh\.credentials\sheets.googleapis.com-java-quickstart
{"majorDimension":"ROWS","range":"Credentials!A1:E1000","values":[["Username","Password"],["ptyagi@dminc.com","Jupiter@20"]]}
Credentials saved to C:\Users\vsingh\.credentials\sheets.googleapis.com-java-quickstart
{"majorDimension":"ROWS","range":"Login_Validator!A1:E1000","values":[["Welcome_Header"],["Welcome to CASTiNET 3.0"],["Login Successful"],["Login Failed"]]}
Credentials saved to C:\Users\vsingh\.credentials\sheets.googleapis.com-java-quickstart
{"majorDimension":"ROWS","range":"Global_Validater!A1:E1000","values":[["Name","Text"],["passedText","Test case passed"],["failedText","Test case failed"],["quitDriverFail","Not able to quit driver"],["quitDriverPass","Driver Quit Successful"],["screenShotTaken","Screenshot successfully taken and saved"],["screenShotFailed","ScreenShot Not taken"]]}
]]></system-out>
    <system-err><![CDATA[Starting ChromeDriver 2.42.591088 (7b2b2dca23cca0862f674758c9a3933e685c27d5) on port 20847
Only local connections are allowed.
Oct 09, 2018 2:14:42 PM org.openqa.selenium.remote.ProtocolHandshake createSession
INFO: Detected dialect: OSS
]]></system-err>
  </testcase>
  <testcase name="LoginTest" classname="com.TestCases.LoginTestCase" time="0">
    <skipped message="Expected condition failed: waiting for element to be clickable: By.cssSelector: section.form__group.-button.\2b textCenter &gt; button (tried for 10 second(s) with 500 milliseconds interval)"/>
    <system-out><![CDATA[Credentials saved to C:\Users\vsingh\.credentials\sheets.googleapis.com-java-quickstart
{"majorDimension":"ROWS","range":"Global_Validater!A1:E1000","values":[["Name","Text"],["passedText","Test case passed"],["failedText","Test case failed"],["quitDriverFail","Not able to quit driver"],["quitDriverPass","Driver Quit Successful"],["screenShotTaken","Screenshot successfully taken and saved"],["screenShotFailed","ScreenShot Not taken"]]}
Credentials saved to C:\Users\vsingh\.credentials\sheets.googleapis.com-java-quickstart
{"majorDimension":"ROWS","range":"Browser!A1:E1000","values":[["Browsers_Available"],["Chrome"]]}
Credentials saved to C:\Users\vsingh\.credentials\sheets.googleapis.com-java-quickstart
{"majorDimension":"ROWS","range":"URL!A1:E1000","values":[["URL"],["https://dev.castinet.org/"]]}
https://dev.castinet.org/
Credentials saved to C:\Users\vsingh\.credentials\sheets.googleapis.com-java-quickstart
{"majorDimension":"ROWS","range":"Credentials!A1:E1000","values":[["Username","Password"],["ptyagi@dminc.com","Jupiter@20"]]}
Credentials saved to C:\Users\vsingh\.credentials\sheets.googleapis.com-java-quickstart
{"majorDimension":"ROWS","range":"Credentials!A1:E1000","values":[["Username","Password"],["ptyagi@dminc.com","Jupiter@20"]]}
Credentials saved to C:\Users\vsingh\.credentials\sheets.googleapis.com-java-quickstart
{"majorDimension":"ROWS","range":"Login_Validator!A1:E1000","values":[["Welcome_Header"],["Welcome to CASTiNET 3.0"],["Login Successful"],["Login Failed"]]}
Credentials saved to C:\Users\vsingh\.credentials\sheets.googleapis.com-java-quickstart
{"majorDimension":"ROWS","range":"Global_Validater!A1:E1000","values":[["Name","Text"],["passedText","Test case passed"],["failedText","Test case failed"],["quitDriverFail","Not able to quit driver"],["quitDriverPass","Driver Quit Successful"],["screenShotTaken","Screenshot successfully taken and saved"],["screenShotFailed","ScreenShot Not taken"]]}
]]></system-out>
    <system-err><![CDATA[Starting ChromeDriver 2.42.591088 (7b2b2dca23cca0862f674758c9a3933e685c27d5) on port 31966
Only local connections are allowed.
Oct 09, 2018 2:15:24 PM org.openqa.selenium.remote.ProtocolHandshake createSession
INFO: Detected dialect: OSS
]]></system-err>
  </testcase>
  <testcase name="LoginTest" classname="com.TestCases.LoginTestCase" time="29.2">
    <failure message="Expected condition failed: waiting for element to be clickable: By.cssSelector: section.form__group.-button.\2b textCenter &gt; button (tried for 10 second(s) with 500 milliseconds interval)" type="java.lang.AssertionError">java.lang.AssertionError: Expected condition failed: waiting for element to be clickable: By.cssSelector: section.form__group.-button.\2b textCenter > button (tried for 10 second(s) with 500 milliseconds interval)
	at com.TestCases.LoginTestCase.LoginTest(LoginTestCase.java:34)
</failure>
    <system-out><![CDATA[Credentials saved to C:\Users\vsingh\.credentials\sheets.googleapis.com-java-quickstart
{"majorDimension":"ROWS","range":"Global_Validater!A1:E1000","values":[["Name","Text"],["passedText","Test case passed"],["failedText","Test case failed"],["quitDriverFail","Not able to quit driver"],["quitDriverPass","Driver Quit Successful"],["screenShotTaken","Screenshot successfully taken and saved"],["screenShotFailed","ScreenShot Not taken"]]}
Credentials saved to C:\Users\vsingh\.credentials\sheets.googleapis.com-java-quickstart
{"majorDimension":"ROWS","range":"Browser!A1:E1000","values":[["Browsers_Available"],["Chrome"]]}
Credentials saved to C:\Users\vsingh\.credentials\sheets.googleapis.com-java-quickstart
{"majorDimension":"ROWS","range":"URL!A1:E1000","values":[["URL"],["https://dev.castinet.org/"]]}
https://dev.castinet.org/
Credentials saved to C:\Users\vsingh\.credentials\sheets.googleapis.com-java-quickstart
{"majorDimension":"ROWS","range":"Credentials!A1:E1000","values":[["Username","Password"],["ptyagi@dminc.com","Jupiter@20"]]}
Credentials saved to C:\Users\vsingh\.credentials\sheets.googleapis.com-java-quickstart
{"majorDimension":"ROWS","range":"Credentials!A1:E1000","values":[["Username","Password"],["ptyagi@dminc.com","Jupiter@20"]]}
Credentials saved to C:\Users\vsingh\.credentials\sheets.googleapis.com-java-quickstart
{"majorDimension":"ROWS","range":"Login_Validator!A1:E1000","values":[["Welcome_Header"],["Welcome to CASTiNET 3.0"],["Login Successful"],["Login Failed"]]}
Credentials saved to C:\Users\vsingh\.credentials\sheets.googleapis.com-java-quickstart
{"majorDimension":"ROWS","range":"Global_Validater!A1:E1000","values":[["Name","Text"],["passedText","Test case passed"],["failedText","Test case failed"],["quitDriverFail","Not able to quit driver"],["quitDriverPass","Driver Quit Successful"],["screenShotTaken","Screenshot successfully taken and saved"],["screenShotFailed","ScreenShot Not taken"]]}
]]></system-out>
    <system-err><![CDATA[Starting ChromeDriver 2.42.591088 (7b2b2dca23cca0862f674758c9a3933e685c27d5) on port 37992
Only local connections are allowed.
Oct 09, 2018 2:15:56 PM org.openqa.selenium.remote.ProtocolHandshake createSession
INFO: Detected dialect: OSS
]]></system-err>
  </testcase>
</testsuite>